This file contains any messages produced by compilers while
running configure, to aid debugging if configure makes a mistake.

It was created by xf86-video-displaylink configure 0.0.1, which was
generated by GNU Autoconf 2.68.  Invocation command line was

  $ ./configure 

## --------- ##
## Platform. ##
## --------- ##

hostname = tigger
uname -m = x86_64
uname -r = 3.5.0-16-generic
uname -s = Linux
uname -v = #25+kamal10~DellXPS-Ubuntu SMP Sat Sep 29 00:27:00 UTC 2012

/usr/bin/uname -p = unknown
/bin/uname -X     = unknown

/bin/arch              = unknown
/usr/bin/arch -k       = unknown
/usr/convex/getsysinfo = unknown
/usr/bin/hostinfo      = unknown
/bin/machine           = unknown
/usr/bin/oslevel       = unknown
/bin/universe          = unknown

PATH: /usr/lib/lightdm/lightdm
PATH: /usr/local/sbin
PATH: /usr/local/bin
PATH: /usr/sbin
PATH: /usr/bin
PATH: /sbin
PATH: /bin
PATH: /usr/games
PATH: /usr/local/java/jdk1.6/bin


## ----------- ##
## Core tests. ##
## ----------- ##

configure:2224: checking for a BSD-compatible install
configure:2292: result: /usr/bin/install -c
configure:2303: checking whether build environment is sane
configure:2353: result: yes
configure:2494: checking for a thread-safe mkdir -p
configure:2533: result: /bin/mkdir -p
configure:2546: checking for gawk
configure:2576: result: no
configure:2546: checking for mawk
configure:2562: found /usr/bin/mawk
configure:2573: result: mawk
configure:2584: checking whether make sets $(MAKE)
configure:2606: result: yes
configure:2688: checking whether to enable maintainer-specific portions of Makefiles
configure:2697: result: no
configure:2772: checking build system type
configure:2786: result: x86_64-unknown-linux-gnu
configure:2806: checking host system type
configure:2819: result: x86_64-unknown-linux-gnu
configure:2860: checking how to print strings
configure:2887: result: printf
configure:2920: checking for style of include used by make
configure:2948: result: GNU
configure:3019: checking for gcc
configure:3035: found /usr/bin/gcc
configure:3046: result: gcc
configure:3275: checking for C compiler version
configure:3284: gcc --version >&5
gcc (Ubuntu/Linaro 4.6.3-1ubuntu5) 4.6.3
Copyright (C) 2011 Free Software Foundation, Inc.
This is free software; see the source for copying conditions.  There is NO
warranty; not even for MERCHANTABILITY or FITNESS FOR A PARTICULAR PURPOSE.

configure:3295: $? = 0
configure:3284: gcc -v >&5
Using built-in specs.
COLLECT_GCC=gcc
COLLECT_LTO_WRAPPER=/usr/lib/gcc/x86_64-linux-gnu/4.6/lto-wrapper
Target: x86_64-linux-gnu
Configured with: ../src/configure -v --with-pkgversion='Ubuntu/Linaro 4.6.3-1ubuntu5' --with-bugurl=file:///usr/share/doc/gcc-4.6/README.Bugs --enable-languages=c,c++,fortran,objc,obj-c++ --prefix=/usr --program-suffix=-4.6 --enable-shared --enable-linker-build-id --with-system-zlib --libexecdir=/usr/lib --without-included-gettext --enable-threads=posix --with-gxx-include-dir=/usr/include/c++/4.6 --libdir=/usr/lib --enable-nls --with-sysroot=/ --enable-clocale=gnu --enable-libstdcxx-debug --enable-libstdcxx-time=yes --enable-gnu-unique-object --enable-plugin --enable-objc-gc --disable-werror --with-arch-32=i686 --with-tune=generic --enable-checking=release --build=x86_64-linux-gnu --host=x86_64-linux-gnu --target=x86_64-linux-gnu
Thread model: posix
gcc version 4.6.3 (Ubuntu/Linaro 4.6.3-1ubuntu5) 
configure:3295: $? = 0
configure:3284: gcc -V >&5
gcc: error: unrecognized option '-V'
gcc: fatal error: no input files
compilation terminated.
configure:3295: $? = 4
configure:3284: gcc -qversion >&5
gcc: error: unrecognized option '-qversion'
gcc: fatal error: no input files
compilation terminated.
configure:3295: $? = 4
configure:3315: checking whether the C compiler works
configure:3337: gcc    conftest.c  >&5
configure:3341: $? = 0
configure:3389: result: yes
configure:3392: checking for C compiler default output file name
configure:3394: result: a.out
configure:3400: checking for suffix of executables
configure:3407: gcc -o conftest    conftest.c  >&5
configure:3411: $? = 0
configure:3433: result: 
configure:3455: checking whether we are cross compiling
configure:3463: gcc -o conftest    conftest.c  >&5
configure:3467: $? = 0
configure:3474: ./conftest
configure:3478: $? = 0
configure:3493: result: no
configure:3498: checking for suffix of object files
configure:3520: gcc -c   conftest.c >&5
configure:3524: $? = 0
configure:3545: result: o
configure:3549: checking whether we are using the GNU C compiler
configure:3568: gcc -c   conftest.c >&5
configure:3568: $? = 0
configure:3577: result: yes
configure:3586: checking whether gcc accepts -g
configure:3606: gcc -c -g  conftest.c >&5
configure:3606: $? = 0
configure:3647: result: yes
configure:3664: checking for gcc option to accept ISO C89
configure:3728: gcc  -c -g -O2  conftest.c >&5
configure:3728: $? = 0
configure:3741: result: none needed
configure:3763: checking dependency style of gcc
configure:3874: result: gcc3
configure:3889: checking for a sed that does not truncate output
configure:3953: result: /bin/sed
configure:3971: checking for grep that handles long lines and -e
configure:4029: result: /bin/grep
configure:4034: checking for egrep
configure:4096: result: /bin/grep -E
configure:4101: checking for fgrep
configure:4163: result: /bin/grep -F
configure:4198: checking for ld used by gcc
configure:4265: result: /usr/bin/ld
configure:4272: checking if the linker (/usr/bin/ld) is GNU ld
configure:4287: result: yes
configure:4299: checking for BSD- or MS-compatible name lister (nm)
configure:4348: result: /usr/bin/nm -B
configure:4478: checking the name lister (/usr/bin/nm -B) interface
configure:4485: gcc -c -g -O2  conftest.c >&5
configure:4488: /usr/bin/nm -B "conftest.o"
configure:4491: output
0000000000000000 B some_variable
configure:4498: result: BSD nm
configure:4501: checking whether ln -s works
configure:4505: result: yes
configure:4513: checking the maximum length of command line arguments
configure:4643: result: 1572864
configure:4660: checking whether the shell understands some XSI constructs
configure:4670: result: yes
configure:4674: checking whether the shell understands "+="
configure:4680: result: yes
configure:4715: checking how to convert x86_64-unknown-linux-gnu file names to x86_64-unknown-linux-gnu format
configure:4755: result: func_convert_file_noop
configure:4762: checking how to convert x86_64-unknown-linux-gnu file names to toolchain format
configure:4782: result: func_convert_file_noop
configure:4789: checking for /usr/bin/ld option to reload object files
configure:4796: result: -r
configure:4870: checking for objdump
configure:4886: found /usr/bin/objdump
configure:4897: result: objdump
configure:4929: checking how to recognize dependent libraries
configure:5131: result: pass_all
configure:5216: checking for dlltool
configure:5246: result: no
configure:5276: checking how to associate runtime and link libraries
configure:5303: result: printf %s\n
configure:5364: checking for ar
configure:5380: found /usr/bin/ar
configure:5391: result: ar
configure:5428: checking for archiver @FILE support
configure:5445: gcc -c -g -O2  conftest.c >&5
configure:5445: $? = 0
configure:5448: ar cru libconftest.a @conftest.lst >&5
configure:5451: $? = 0
configure:5456: ar cru libconftest.a @conftest.lst >&5
ar: conftest.o: No such file or directory
configure:5459: $? = 1
configure:5471: result: @
configure:5529: checking for strip
configure:5545: found /usr/bin/strip
configure:5556: result: strip
configure:5628: checking for ranlib
configure:5644: found /usr/bin/ranlib
configure:5655: result: ranlib
configure:5757: checking command to parse /usr/bin/nm -B output from gcc object
configure:5877: gcc -c -g -O2  conftest.c >&5
configure:5880: $? = 0
configure:5884: /usr/bin/nm -B conftest.o \| sed -n -e 's/^.*[ ]\([ABCDGIRSTW][ABCDGIRSTW]*\)[ ][ ]*\([_A-Za-z][_A-Za-z0-9]*\)$/\1 \2 \2/p' | sed '/ __gnu_lto/d' \> conftest.nm
configure:5887: $? = 0
configure:5953: gcc -o conftest -g -O2   conftest.c conftstm.o >&5
configure:5956: $? = 0
configure:5994: result: ok
configure:6031: checking for sysroot
configure:6061: result: no
configure:6138: gcc -c -g -O2  conftest.c >&5
configure:6141: $? = 0
configure:6317: checking for mt
configure:6333: found /bin/mt
configure:6344: result: mt
configure:6367: checking if mt is a manifest tool
configure:6373: mt '-?'
configure:6381: result: no
configure:7023: checking how to run the C preprocessor
configure:7054: gcc -E  conftest.c
configure:7054: $? = 0
configure:7068: gcc -E  conftest.c
conftest.c:11:28: fatal error: ac_nonexistent.h: No such file or directory
compilation terminated.
configure:7068: $? = 1
configure: failed program was:
| /* confdefs.h */
| #define PACKAGE_NAME "xf86-video-displaylink"
| #define PACKAGE_TARNAME "xf86-video-displaylink"
| #define PACKAGE_VERSION "0.0.1"
| #define PACKAGE_STRING "xf86-video-displaylink 0.0.1"
| #define PACKAGE_BUGREPORT ""
| #define PACKAGE_URL ""
| #define PACKAGE "xf86-video-displaylink"
| #define VERSION "0.0.1"
| /* end confdefs.h.  */
| #include <ac_nonexistent.h>
configure:7093: result: gcc -E
configure:7113: gcc -E  conftest.c
configure:7113: $? = 0
configure:7127: gcc -E  conftest.c
conftest.c:11:28: fatal error: ac_nonexistent.h: No such file or directory
compilation terminated.
configure:7127: $? = 1
configure: failed program was:
| /* confdefs.h */
| #define PACKAGE_NAME "xf86-video-displaylink"
| #define PACKAGE_TARNAME "xf86-video-displaylink"
| #define PACKAGE_VERSION "0.0.1"
| #define PACKAGE_STRING "xf86-video-displaylink 0.0.1"
| #define PACKAGE_BUGREPORT ""
| #define PACKAGE_URL ""
| #define PACKAGE "xf86-video-displaylink"
| #define VERSION "0.0.1"
| /* end confdefs.h.  */
| #include <ac_nonexistent.h>
configure:7156: checking for ANSI C header files
configure:7176: gcc -c -g -O2  conftest.c >&5
configure:7176: $? = 0
configure:7249: gcc -o conftest -g -O2   conftest.c  >&5
configure:7249: $? = 0
configure:7249: ./conftest
configure:7249: $? = 0
configure:7260: result: yes
configure:7273: checking for sys/types.h
configure:7273: gcc -c -g -O2  conftest.c >&5
configure:7273: $? = 0
configure:7273: result: yes
configure:7273: checking for sys/stat.h
configure:7273: gcc -c -g -O2  conftest.c >&5
configure:7273: $? = 0
configure:7273: result: yes
configure:7273: checking for stdlib.h
configure:7273: gcc -c -g -O2  conftest.c >&5
configure:7273: $? = 0
configure:7273: result: yes
configure:7273: checking for string.h
configure:7273: gcc -c -g -O2  conftest.c >&5
configure:7273: $? = 0
configure:7273: result: yes
configure:7273: checking for memory.h
configure:7273: gcc -c -g -O2  conftest.c >&5
configure:7273: $? = 0
configure:7273: result: yes
configure:7273: checking for strings.h
configure:7273: gcc -c -g -O2  conftest.c >&5
configure:7273: $? = 0
configure:7273: result: yes
configure:7273: checking for inttypes.h
configure:7273: gcc -c -g -O2  conftest.c >&5
configure:7273: $? = 0
configure:7273: result: yes
configure:7273: checking for stdint.h
configure:7273: gcc -c -g -O2  conftest.c >&5
configure:7273: $? = 0
configure:7273: result: yes
configure:7273: checking for unistd.h
configure:7273: gcc -c -g -O2  conftest.c >&5
configure:7273: $? = 0
configure:7273: result: yes
configure:7287: checking for dlfcn.h
configure:7287: gcc -c -g -O2  conftest.c >&5
configure:7287: $? = 0
configure:7287: result: yes
configure:7463: checking for objdir
configure:7478: result: .libs
configure:7745: checking if gcc supports -fno-rtti -fno-exceptions
configure:7763: gcc -c -g -O2  -fno-rtti -fno-exceptions conftest.c >&5
cc1: warning: command line option '-fno-rtti' is valid for C++/ObjC++ but not for C [enabled by default]
configure:7767: $? = 0
configure:7780: result: no
configure:8107: checking for gcc option to produce PIC
configure:8114: result: -fPIC -DPIC
configure:8122: checking if gcc PIC flag -fPIC -DPIC works
configure:8140: gcc -c -g -O2  -fPIC -DPIC -DPIC conftest.c >&5
configure:8144: $? = 0
configure:8157: result: yes
configure:8186: checking if gcc static flag -static works
configure:8214: result: yes
configure:8229: checking if gcc supports -c -o file.o
configure:8250: gcc -c -g -O2  -o out/conftest2.o conftest.c >&5
configure:8254: $? = 0
configure:8276: result: yes
configure:8284: checking if gcc supports -c -o file.o
configure:8331: result: yes
configure:8364: checking whether the gcc linker (/usr/bin/ld -m elf_x86_64) supports shared libraries
configure:9521: result: yes
configure:9558: checking whether -lc should be explicitly linked in
configure:9566: gcc -c -g -O2  conftest.c >&5
configure:9569: $? = 0
configure:9584: gcc -shared  -fPIC -DPIC conftest.o  -v -Wl,-soname -Wl,conftest -o conftest 2\>\&1 \| /bin/grep  -lc  \>/dev/null 2\>\&1
configure:9587: $? = 0
configure:9601: result: no
configure:9761: checking dynamic linker characteristics
configure:10272: gcc -o conftest -g -O2   -Wl,-rpath -Wl,/foo conftest.c  >&5
configure:10272: $? = 0
configure:10506: result: GNU/Linux ld.so
configure:10613: checking how to hardcode library paths into programs
configure:10638: result: immediate
configure:11178: checking whether stripping libraries is possible
configure:11183: result: yes
configure:11218: checking if libtool supports shared libraries
configure:11220: result: yes
configure:11223: checking whether to build shared libraries
configure:11244: result: yes
configure:11247: checking whether to build static libraries
configure:11251: result: no
configure:11336: checking for gcc
configure:11363: result: gcc
configure:11592: checking for C compiler version
configure:11601: gcc --version >&5
gcc (Ubuntu/Linaro 4.6.3-1ubuntu5) 4.6.3
Copyright (C) 2011 Free Software Foundation, Inc.
This is free software; see the source for copying conditions.  There is NO
warranty; not even for MERCHANTABILITY or FITNESS FOR A PARTICULAR PURPOSE.

configure:11612: $? = 0
configure:11601: gcc -v >&5
Using built-in specs.
COLLECT_GCC=gcc
COLLECT_LTO_WRAPPER=/usr/lib/gcc/x86_64-linux-gnu/4.6/lto-wrapper
Target: x86_64-linux-gnu
Configured with: ../src/configure -v --with-pkgversion='Ubuntu/Linaro 4.6.3-1ubuntu5' --with-bugurl=file:///usr/share/doc/gcc-4.6/README.Bugs --enable-languages=c,c++,fortran,objc,obj-c++ --prefix=/usr --program-suffix=-4.6 --enable-shared --enable-linker-build-id --with-system-zlib --libexecdir=/usr/lib --without-included-gettext --enable-threads=posix --with-gxx-include-dir=/usr/include/c++/4.6 --libdir=/usr/lib --enable-nls --with-sysroot=/ --enable-clocale=gnu --enable-libstdcxx-debug --enable-libstdcxx-time=yes --enable-gnu-unique-object --enable-plugin --enable-objc-gc --disable-werror --with-arch-32=i686 --with-tune=generic --enable-checking=release --build=x86_64-linux-gnu --host=x86_64-linux-gnu --target=x86_64-linux-gnu
Thread model: posix
gcc version 4.6.3 (Ubuntu/Linaro 4.6.3-1ubuntu5) 
configure:11612: $? = 0
configure:11601: gcc -V >&5
gcc: error: unrecognized option '-V'
gcc: fatal error: no input files
compilation terminated.
configure:11612: $? = 4
configure:11601: gcc -qversion >&5
gcc: error: unrecognized option '-qversion'
gcc: fatal error: no input files
compilation terminated.
configure:11612: $? = 4
configure:11616: checking whether we are using the GNU C compiler
configure:11644: result: yes
configure:11653: checking whether gcc accepts -g
configure:11714: result: yes
configure:11731: checking for gcc option to accept ISO C89
configure:11808: result: none needed
configure:11830: checking dependency style of gcc
configure:11941: result: gcc3
configure:12023: checking for pkg-config
configure:12041: found /usr/bin/pkg-config
configure:12053: result: /usr/bin/pkg-config
configure:12078: checking pkg-config is at least version 0.9.0
configure:12081: result: yes
configure:12109: gcc -c -g -O2 -I/usr/include/xorg  conftest.c >&5
configure:12109: $? = 0
configure:12116: checking if RANDR is defined
configure:12118: result: yes
configure:12144: gcc -c -g -O2 -I/usr/include/xorg  conftest.c >&5
configure:12144: $? = 0
configure:12151: checking if RENDER is defined
configure:12153: result: yes
configure:12179: gcc -c -g -O2 -I/usr/include/xorg  conftest.c >&5
configure:12179: $? = 0
configure:12186: checking if XV is defined
configure:12188: result: yes
configure:12198: checking for XORG
configure:12205: $PKG_CONFIG --exists --print-errors "xorg-server >= 1.0.99.901 xproto fontsproto $REQUIRED_MODULES"
configure:12208: $? = 0
configure:12222: $PKG_CONFIG --exists --print-errors "xorg-server >= 1.0.99.901 xproto fontsproto $REQUIRED_MODULES"
configure:12225: $? = 0
configure:12283: result: yes
configure:12291: checking whether xf86ConfigIsaEntity is declared
configure:12291: gcc -c -fvisibility=hidden -I/usr/include/pixman-1 -I/usr/include/xorg    conftest.c >&5
conftest.c: In function 'main':
conftest.c:32:10: error: 'xf86ConfigIsaEntity' undeclared (first use in this function)
conftest.c:32:10: note: each undeclared identifier is reported only once for each function it appears in
configure:12291: $? = 1
configure: failed program was:
| /* confdefs.h */
| #define PACKAGE_NAME "xf86-video-displaylink"
| #define PACKAGE_TARNAME "xf86-video-displaylink"
| #define PACKAGE_VERSION "0.0.1"
| #define PACKAGE_STRING "xf86-video-displaylink 0.0.1"
| #define PACKAGE_BUGREPORT ""
| #define PACKAGE_URL ""
| #define PACKAGE "xf86-video-displaylink"
| #define VERSION "0.0.1"
| #define STDC_HEADERS 1
| #define HAVE_SYS_TYPES_H 1
| #define HAVE_SYS_STAT_H 1
| #define HAVE_STDLIB_H 1
| #define HAVE_STRING_H 1
| #define HAVE_MEMORY_H 1
| #define HAVE_STRINGS_H 1
| #define HAVE_INTTYPES_H 1
| #define HAVE_STDINT_H 1
| #define HAVE_UNISTD_H 1
| #define HAVE_DLFCN_H 1
| #define LT_OBJDIR ".libs/"
| /* end confdefs.h.  */
| #include "xf86.h"
| 
| int
| main ()
| {
| #ifndef xf86ConfigIsaEntity
| #ifdef __cplusplus
|   (void) xf86ConfigIsaEntity;
| #else
|   (void) xf86ConfigIsaEntity;
| #endif
| #endif
| 
|   ;
|   return 0;
| }
configure:12291: result: no
configure:12304: checking for ANSI C header files
configure:12408: result: yes
configure:12679: creating ./config.status

## ---------------------- ##
## Running config.status. ##
## ---------------------- ##

This file was extended by xf86-video-displaylink config.status 0.0.1, which was
generated by GNU Autoconf 2.68.  Invocation command line was

  CONFIG_FILES    = 
  CONFIG_HEADERS  = 
  CONFIG_LINKS    = 
  CONFIG_COMMANDS = 
  $ ./config.status 

on tigger

config.status:1120: creating Makefile
config.status:1120: creating src/Makefile
config.status:1120: creating config.h
config.status:1301: config.h is unchanged
config.status:1349: executing depfiles commands
config.status:1349: executing libtool commands

## ---------------- ##
## Cache variables. ##
## ---------------- ##

ac_cv_build=x86_64-unknown-linux-gnu
ac_cv_c_compiler_gnu=yes
ac_cv_env_CC_set=
ac_cv_env_CC_value=
ac_cv_env_CFLAGS_set=
ac_cv_env_CFLAGS_value=
ac_cv_env_CPPFLAGS_set=
ac_cv_env_CPPFLAGS_value=
ac_cv_env_CPP_set=
ac_cv_env_CPP_value=
ac_cv_env_LDFLAGS_set=
ac_cv_env_LDFLAGS_value=
ac_cv_env_LIBS_set=
ac_cv_env_LIBS_value=
ac_cv_env_PKG_CONFIG_LIBDIR_set=
ac_cv_env_PKG_CONFIG_LIBDIR_value=
ac_cv_env_PKG_CONFIG_PATH_set=
ac_cv_env_PKG_CONFIG_PATH_value=
ac_cv_env_PKG_CONFIG_set=
ac_cv_env_PKG_CONFIG_value=
ac_cv_env_XORG_CFLAGS_set=
ac_cv_env_XORG_CFLAGS_value=
ac_cv_env_XORG_LIBS_set=
ac_cv_env_XORG_LIBS_value=
ac_cv_env_build_alias_set=
ac_cv_env_build_alias_value=
ac_cv_env_host_alias_set=
ac_cv_env_host_alias_value=
ac_cv_env_target_alias_set=
ac_cv_env_target_alias_value=
ac_cv_have_decl_xf86ConfigIsaEntity=no
ac_cv_header_dlfcn_h=yes
ac_cv_header_inttypes_h=yes
ac_cv_header_memory_h=yes
ac_cv_header_stdc=yes
ac_cv_header_stdint_h=yes
ac_cv_header_stdlib_h=yes
ac_cv_header_string_h=yes
ac_cv_header_strings_h=yes
ac_cv_header_sys_stat_h=yes
ac_cv_header_sys_types_h=yes
ac_cv_header_unistd_h=yes
ac_cv_host=x86_64-unknown-linux-gnu
ac_cv_objext=o
ac_cv_path_EGREP='/bin/grep -E'
ac_cv_path_FGREP='/bin/grep -F'
ac_cv_path_GREP=/bin/grep
ac_cv_path_SED=/bin/sed
ac_cv_path_ac_pt_PKG_CONFIG=/usr/bin/pkg-config
ac_cv_path_install='/usr/bin/install -c'
ac_cv_path_mkdir=/bin/mkdir
ac_cv_prog_AWK=mawk
ac_cv_prog_CPP='gcc -E'
ac_cv_prog_ac_ct_AR=ar
ac_cv_prog_ac_ct_CC=gcc
ac_cv_prog_ac_ct_MANIFEST_TOOL=mt
ac_cv_prog_ac_ct_OBJDUMP=objdump
ac_cv_prog_ac_ct_RANLIB=ranlib
ac_cv_prog_ac_ct_STRIP=strip
ac_cv_prog_cc_c89=
ac_cv_prog_cc_g=yes
ac_cv_prog_make_make_set=yes
am_cv_CC_dependencies_compiler_type=gcc3
lt_cv_ar_at_file=@
lt_cv_archive_cmds_need_lc=no
lt_cv_deplibs_check_method=pass_all
lt_cv_file_magic_cmd='$MAGIC_CMD'
lt_cv_file_magic_test_file=
lt_cv_ld_reload_flag=-r
lt_cv_nm_interface='BSD nm'
lt_cv_objdir=.libs
lt_cv_path_LD=/usr/bin/ld
lt_cv_path_NM='/usr/bin/nm -B'
lt_cv_path_mainfest_tool=no
lt_cv_prog_compiler_c_o=yes
lt_cv_prog_compiler_pic='-fPIC -DPIC'
lt_cv_prog_compiler_pic_works=yes
lt_cv_prog_compiler_rtti_exceptions=no
lt_cv_prog_compiler_static_works=yes
lt_cv_prog_gnu_ld=yes
lt_cv_sharedlib_from_linklib_cmd='printf %s\n'
lt_cv_shlibpath_overrides_runpath=no
lt_cv_sys_global_symbol_pipe='sed -n -e '\''s/^.*[	 ]\([ABCDGIRSTW][ABCDGIRSTW]*\)[	 ][	 ]*\([_A-Za-z][_A-Za-z0-9]*\)$/\1 \2 \2/p'\'' | sed '\''/ __gnu_lto/d'\'''
lt_cv_sys_global_symbol_to_c_name_address='sed -n -e '\''s/^: \([^ ]*\)[ ]*$/  {\"\1\", (void *) 0},/p'\'' -e '\''s/^[ABCDGIRSTW]* \([^ ]*\) \([^ ]*\)$/  {"\2", (void *) \&\2},/p'\'''
lt_cv_sys_global_symbol_to_c_name_address_lib_prefix='sed -n -e '\''s/^: \([^ ]*\)[ ]*$/  {\"\1\", (void *) 0},/p'\'' -e '\''s/^[ABCDGIRSTW]* \([^ ]*\) \(lib[^ ]*\)$/  {"\2", (void *) \&\2},/p'\'' -e '\''s/^[ABCDGIRSTW]* \([^ ]*\) \([^ ]*\)$/  {"lib\2", (void *) \&\2},/p'\'''
lt_cv_sys_global_symbol_to_cdecl='sed -n -e '\''s/^T .* \(.*\)$/extern int \1();/p'\'' -e '\''s/^[ABCDGIRSTW]* .* \(.*\)$/extern char \1;/p'\'''
lt_cv_sys_max_cmd_len=1572864
lt_cv_to_host_file_cmd=func_convert_file_noop
lt_cv_to_tool_file_cmd=func_convert_file_noop
pkg_cv_XORG_CFLAGS='-fvisibility=hidden -I/usr/include/pixman-1 -I/usr/include/xorg  '
pkg_cv_XORG_LIBS='-lpixman-1 -lpciaccess  '

## ----------------- ##
## Output variables. ##
## ----------------- ##

ACLOCAL='${SHELL} /home/sliang/misc-development/xf86-video-displaylink/missing --run aclocal-1.11'
ADMIN_MAN_DIR='$(mandir)/man$(ADMIN_MAN_SUFFIX)'
ADMIN_MAN_SUFFIX='8'
AMDEPBACKSLASH='\'
AMDEP_FALSE='#'
AMDEP_TRUE=''
AMTAR='$${TAR-tar}'
APP_MAN_DIR='$(mandir)/man$(APP_MAN_SUFFIX)'
APP_MAN_SUFFIX='1'
AR='ar'
AUTOCONF='${SHELL} /home/sliang/misc-development/xf86-video-displaylink/missing --run autoconf'
AUTOHEADER='${SHELL} /home/sliang/misc-development/xf86-video-displaylink/missing --run autoheader'
AUTOMAKE='${SHELL} /home/sliang/misc-development/xf86-video-displaylink/missing --run automake-1.11'
AWK='mawk'
CC='gcc'
CCDEPMODE='depmode=gcc3'
CFLAGS='-g -O2'
CPP='gcc -E'
CPPFLAGS=''
CYGPATH_W='echo'
DEFS='-DHAVE_CONFIG_H'
DEPDIR='.deps'
DLLTOOL='false'
DRIVER_MAN_DIR='$(mandir)/man$(DRIVER_MAN_SUFFIX)'
DRIVER_MAN_SUFFIX='4'
DRIVER_NAME='displaylink'
DSYMUTIL=''
DUMPBIN=''
ECHO_C=''
ECHO_N='-n'
ECHO_T=''
EGREP='/bin/grep -E'
EXEEXT=''
FGREP='/bin/grep -F'
FILE_MAN_DIR='$(mandir)/man$(FILE_MAN_SUFFIX)'
FILE_MAN_SUFFIX='5'
GREP='/bin/grep'
INSTALL_DATA='${INSTALL} -m 644'
INSTALL_PROGRAM='${INSTALL}'
INSTALL_SCRIPT='${INSTALL}'
INSTALL_STRIP_PROGRAM='$(install_sh) -c -s'
LD='/usr/bin/ld -m elf_x86_64'
LDFLAGS=''
LIBOBJS=''
LIBS=''
LIBTOOL='$(SHELL) $(top_builddir)/libtool'
LIB_MAN_DIR='$(mandir)/man$(LIB_MAN_SUFFIX)'
LIB_MAN_SUFFIX='3'
LIPO=''
LN_S='ln -s'
LTLIBOBJS=''
MAINT='#'
MAINTAINER_MODE_FALSE=''
MAINTAINER_MODE_TRUE='#'
MAKEINFO='${SHELL} /home/sliang/misc-development/xf86-video-displaylink/missing --run makeinfo'
MANIFEST_TOOL=':'
MAN_SUBSTS='	-e '\''s|__vendorversion__|"$(PACKAGE_STRING)" "$(XORG_MAN_PAGE)"|'\'' 	-e '\''s|__xorgversion__|"$(PACKAGE_STRING)" "$(XORG_MAN_PAGE)"|'\'' 	-e '\''s|__xservername__|Xorg|g'\'' 	-e '\''s|__xconfigfile__|xorg.conf|g'\'' 	-e '\''s|__projectroot__|$(prefix)|g'\'' 	-e '\''s|__apploaddir__|$(appdefaultdir)|g'\'' 	-e '\''s|__appmansuffix__|$(APP_MAN_SUFFIX)|g'\'' 	-e '\''s|__drivermansuffix__|$(DRIVER_MAN_SUFFIX)|g'\'' 	-e '\''s|__adminmansuffix__|$(ADMIN_MAN_SUFFIX)|g'\'' 	-e '\''s|__libmansuffix__|$(LIB_MAN_SUFFIX)|g'\'' 	-e '\''s|__miscmansuffix__|$(MISC_MAN_SUFFIX)|g'\'' 	-e '\''s|__filemansuffix__|$(FILE_MAN_SUFFIX)|g'\'''
MISC_MAN_DIR='$(mandir)/man$(MISC_MAN_SUFFIX)'
MISC_MAN_SUFFIX='7'
MKDIR_P='/bin/mkdir -p'
NM='/usr/bin/nm -B'
NMEDIT=''
OBJDUMP='objdump'
OBJEXT='o'
OTOOL64=''
OTOOL=''
PACKAGE='xf86-video-displaylink'
PACKAGE_BUGREPORT=''
PACKAGE_NAME='xf86-video-displaylink'
PACKAGE_STRING='xf86-video-displaylink 0.0.1'
PACKAGE_TARNAME='xf86-video-displaylink'
PACKAGE_URL=''
PACKAGE_VERSION='0.0.1'
PATH_SEPARATOR=':'
PKG_CONFIG='/usr/bin/pkg-config'
PKG_CONFIG_LIBDIR=''
PKG_CONFIG_PATH=''
RANLIB='ranlib'
SED='/bin/sed'
SET_MAKE=''
SHELL='/bin/sh'
STRIP='strip'
VERSION='0.0.1'
XORG_CFLAGS='-fvisibility=hidden -I/usr/include/pixman-1 -I/usr/include/xorg  '
XORG_LIBS='-lpixman-1 -lpciaccess  '
XORG_MAN_PAGE='X Version 11'
ac_ct_AR='ar'
ac_ct_CC='gcc'
ac_ct_DUMPBIN=''
am__EXEEXT_FALSE=''
am__EXEEXT_TRUE='#'
am__fastdepCC_FALSE='#'
am__fastdepCC_TRUE=''
am__include='include'
am__isrc=''
am__leading_dot='.'
am__nodep='_no'
am__quote=''
am__tar='$${TAR-tar} chof - "$$tardir"'
am__untar='$${TAR-tar} xf -'
bindir='${exec_prefix}/bin'
build='x86_64-unknown-linux-gnu'
build_alias=''
build_cpu='x86_64'
build_os='linux-gnu'
build_vendor='unknown'
datadir='${datarootdir}'
datarootdir='${prefix}/share'
docdir='${datarootdir}/doc/${PACKAGE_TARNAME}'
dvidir='${docdir}'
exec_prefix='${prefix}'
host='x86_64-unknown-linux-gnu'
host_alias=''
host_cpu='x86_64'
host_os='linux-gnu'
host_vendor='unknown'
htmldir='${docdir}'
includedir='${prefix}/include'
infodir='${datarootdir}/info'
install_sh='${SHELL} /home/sliang/misc-development/xf86-video-displaylink/install-sh'
libdir='${exec_prefix}/lib'
libexecdir='${exec_prefix}/libexec'
localedir='${datarootdir}/locale'
localstatedir='${prefix}/var'
mandir='${datarootdir}/man'
mkdir_p='/bin/mkdir -p'
moduledir='${exec_prefix}/lib/xorg/modules'
oldincludedir='/usr/include'
pdfdir='${docdir}'
prefix='/usr/local'
program_transform_name='s,x,x,'
psdir='${docdir}'
sbindir='${exec_prefix}/sbin'
sharedstatedir='${prefix}/com'
sysconfdir='${prefix}/etc'
target_alias=''

## ----------- ##
## confdefs.h. ##
## ----------- ##

/* confdefs.h */
#define PACKAGE_NAME "xf86-video-displaylink"
#define PACKAGE_TARNAME "xf86-video-displaylink"
#define PACKAGE_VERSION "0.0.1"
#define PACKAGE_STRING "xf86-video-displaylink 0.0.1"
#define PACKAGE_BUGREPORT ""
#define PACKAGE_URL ""
#define PACKAGE "xf86-video-displaylink"
#define VERSION "0.0.1"
#define STDC_HEADERS 1
#define HAVE_SYS_TYPES_H 1
#define HAVE_SYS_STAT_H 1
#define HAVE_STDLIB_H 1
#define HAVE_STRING_H 1
#define HAVE_MEMORY_H 1
#define HAVE_STRINGS_H 1
#define HAVE_INTTYPES_H 1
#define HAVE_STDINT_H 1
#define HAVE_UNISTD_H 1
#define HAVE_DLFCN_H 1
#define LT_OBJDIR ".libs/"
#define STDC_HEADERS 1
#define PACKAGE_VERSION_MAJOR 0
#define PACKAGE_VERSION_MINOR 0
#define PACKAGE_VERSION_PATCHLEVEL 1

configure: exit 0
